<?xml version="1.0" encoding="UTF-8"?>
<!-- Generated by org.testng.reporters.JUnitXMLReporter -->
<testsuite ignored="0" hostname="DESKTOP-T2SQGGR" failures="4" tests="4" name="Run on Chrome" time="7.55" errors="0" timestamp="03 Nov 2021 16:38:02 GMT">
  <testcase classname="com.nocomerce.user.Level_02_Apply_BasePage_III" name="User_01_Register_Empty_Data" time="0.011">
    <failure type="java.lang.NullPointerException" message="Cannot invoke &amp;quot;commons.BasePage.waitForElementClickAble(org.openqa.selenium.WebDriver, String)&amp;quot; because &amp;quot;this.basePage&amp;quot; is null">
      <![CDATA[java.lang.NullPointerException: Cannot invoke "commons.BasePage.waitForElementClickAble(org.openqa.selenium.WebDriver, String)" because "this.basePage" is null
at com.nocomerce.user.Level_02_Apply_BasePage_III.User_01_Register_Empty_Data(Level_02_Apply_BasePage_III.java:39)
... Removed 25 stack frames]]>
    </failure>
  </testcase> <!-- User_01_Register_Empty_Data -->
  <testcase classname="com.nocomerce.user.Level_02_Apply_BasePage_III" name="User_01_Register_Invalid_Email" time="0.005">
    <failure type="java.lang.NullPointerException" message="Cannot invoke &amp;quot;commons.BasePage.waitForElementClickAble(org.openqa.selenium.WebDriver, String)&amp;quot; because &amp;quot;this.basePage&amp;quot; is null">
      <![CDATA[java.lang.NullPointerException: Cannot invoke "commons.BasePage.waitForElementClickAble(org.openqa.selenium.WebDriver, String)" because "this.basePage" is null
at com.nocomerce.user.Level_02_Apply_BasePage_III.User_01_Register_Invalid_Email(Level_02_Apply_BasePage_III.java:56)
... Removed 25 stack frames]]>
    </failure>
  </testcase> <!-- User_01_Register_Invalid_Email -->
  <testcase classname="com.nocomerce.user.Level_02_Apply_BasePage_III" name="User_01_Register_Success" time="0.004">
    <failure type="java.lang.NullPointerException" message="Cannot invoke &amp;quot;commons.BasePage.waitForElementClickAble(org.openqa.selenium.WebDriver, String)&amp;quot; because &amp;quot;this.basePage&amp;quot; is null">
      <![CDATA[java.lang.NullPointerException: Cannot invoke "commons.BasePage.waitForElementClickAble(org.openqa.selenium.WebDriver, String)" because "this.basePage" is null
at com.nocomerce.user.Level_02_Apply_BasePage_III.User_01_Register_Success(Level_02_Apply_BasePage_III.java:71)
... Removed 25 stack frames]]>
    </failure>
  </testcase> <!-- User_01_Register_Success -->
  <testcase classname="com.nocomerce.user.Level_02_Apply_BasePage_III" name="User_01_Regpister_Exiting_Email" time="0.002">
    <failure type="java.lang.NullPointerException" message="Cannot invoke &amp;quot;commons.BasePage.waitForElementClickAble(org.openqa.selenium.WebDriver, String)&amp;quot; because &amp;quot;this.basePage&amp;quot; is null">
      <![CDATA[java.lang.NullPointerException: Cannot invoke "commons.BasePage.waitForElementClickAble(org.openqa.selenium.WebDriver, String)" because "this.basePage" is null
at com.nocomerce.user.Level_02_Apply_BasePage_III.User_01_Regpister_Exiting_Email(Level_02_Apply_BasePage_III.java:87)
... Removed 25 stack frames]]>
    </failure>
  </testcase> <!-- User_01_Regpister_Exiting_Email -->
</testsuite> <!-- Run on Chrome -->
