<?xml version="1.0" encoding="UTF-8"?>
<!-- Generated by org.testng.reporters.JUnitXMLReporter -->
<testsuite ignored="0" hostname="DESKTOP-T2SQGGR" failures="0" tests="4" name="Default test" time="20.164" errors="0" timestamp="03 Nov 2021 16:34:57 GMT">
  <testcase classname="com.nocomerce.user.Level_02_Apply_BasePage_I" name="User_01_Register_Empty_Data" time="2.119"/>
  <testcase classname="com.nocomerce.user.Level_02_Apply_BasePage_I" name="User_01_Register_Invalid_Email" time="1.94"/>
  <testcase classname="com.nocomerce.user.Level_02_Apply_BasePage_I" name="User_01_Register_Success" time="6.728"/>
  <testcase classname="com.nocomerce.user.Level_02_Apply_BasePage_I" name="User_01_Regpister_Exiting_Email" time="2.263"/>
</testsuite> <!-- Default test -->
