<?xml version="1.0" encoding="UTF-8"?>
<!-- Generated by org.testng.reporters.JUnitXMLReporter -->
<testsuite ignored="0" hostname="DESKTOP-T2SQGGR" failures="0" tests="3" name="Default test" time="18.361" errors="0" timestamp="14 Nov 2021 15:26:43 GMT">
  <testcase classname="com.nocomerce.user.Level_03_Page_Object_02_Login" name="User_01_Login_Invalid_Email" time="1.042"/>
  <testcase classname="com.nocomerce.user.Level_03_Page_Object_02_Login" name="User_01_Login_NotExiting_Email" time="2.078"/>
  <testcase classname="com.nocomerce.user.Level_03_Page_Object_02_Login" name="User_01_Login_Success" time="3.014"/>
</testsuite> <!-- Default test -->
