<?xml version="1.0" encoding="UTF-8"?>
<testng-results ignored="0" total="4" passed="4" failed="0" skipped="0">
  <reporter-output>
  </reporter-output>
  <suite started-at="2021-11-16T17:23:47Z" name="User NopCommerce" finished-at="2021-11-16T17:24:39Z" duration-ms="51334">
    <groups>
    </groups>
    <test started-at="2021-11-16T17:23:47Z" name="Run on  Firefox" finished-at="2021-11-16T17:24:02Z" duration-ms="14552">
      <class name="com.nocomerce.user.Level_04_Multiple_Browser">
        <test-method is-config="true" signature="beforeClass(java.lang.String)[pri:0, instance:com.nocomerce.user.Level_04_Multiple_Browser@8297b3a]" started-at="2021-11-16T17:23:47Z" name="beforeClass" finished-at="2021-11-16T17:24:00Z" duration-ms="12686" status="PASS">
          <params>
            <param index="0">
              <value>
                <![CDATA[firefox]]>
              </value>
            </param>
          </params>
          <reporter-output>
          </reporter-output>
        </test-method> <!-- beforeClass -->
        <test-method signature="User_01_Login_Invalid_Email()[pri:0, instance:com.nocomerce.user.Level_04_Multiple_Browser@8297b3a]" started-at="2021-11-16T17:24:00Z" name="User_01_Login_Invalid_Email" finished-at="2021-11-16T17:24:02Z" duration-ms="1834" status="PASS">
          <reporter-output>
          </reporter-output>
        </test-method> <!-- User_01_Login_Invalid_Email -->
        <test-method is-config="true" signature="afterClass()[pri:0, instance:com.nocomerce.user.Level_04_Multiple_Browser@8297b3a]" started-at="2021-11-16T17:24:02Z" name="afterClass" finished-at="2021-11-16T17:24:02Z" duration-ms="1" status="PASS">
          <reporter-output>
          </reporter-output>
        </test-method> <!-- afterClass -->
      </class> <!-- com.nocomerce.user.Level_04_Multiple_Browser -->
    </test> <!-- Run on  Firefox -->
    <test started-at="2021-11-16T17:24:02Z" name="Run on Chrome" finished-at="2021-11-16T17:24:12Z" duration-ms="9952">
      <class name="com.nocomerce.user.Level_04_Multiple_Browser">
        <test-method is-config="true" signature="beforeClass(java.lang.String)[pri:0, instance:com.nocomerce.user.Level_04_Multiple_Browser@79d8407f]" started-at="2021-11-16T17:24:02Z" name="beforeClass" finished-at="2021-11-16T17:24:11Z" duration-ms="8944" status="PASS">
          <params>
            <param index="0">
              <value>
                <![CDATA[chrome]]>
              </value>
            </param>
          </params>
          <reporter-output>
          </reporter-output>
        </test-method> <!-- beforeClass -->
        <test-method signature="User_01_Login_Invalid_Email()[pri:0, instance:com.nocomerce.user.Level_04_Multiple_Browser@79d8407f]" started-at="2021-11-16T17:24:11Z" name="User_01_Login_Invalid_Email" finished-at="2021-11-16T17:24:12Z" duration-ms="1001" status="PASS">
          <reporter-output>
          </reporter-output>
        </test-method> <!-- User_01_Login_Invalid_Email -->
        <test-method is-config="true" signature="afterClass()[pri:0, instance:com.nocomerce.user.Level_04_Multiple_Browser@79d8407f]" started-at="2021-11-16T17:24:12Z" name="afterClass" finished-at="2021-11-16T17:24:12Z" duration-ms="0" status="PASS">
          <reporter-output>
          </reporter-output>
        </test-method> <!-- afterClass -->
      </class> <!-- com.nocomerce.user.Level_04_Multiple_Browser -->
    </test> <!-- Run on Chrome -->
    <test started-at="2021-11-16T17:24:12Z" name="Run on Edge" finished-at="2021-11-16T17:24:24Z" duration-ms="12708">
      <class name="com.nocomerce.user.Level_04_Multiple_Browser">
        <test-method is-config="true" signature="beforeClass(java.lang.String)[pri:0, instance:com.nocomerce.user.Level_04_Multiple_Browser@394df057]" started-at="2021-11-16T17:24:12Z" name="beforeClass" finished-at="2021-11-16T17:24:23Z" duration-ms="11082" status="PASS">
          <params>
            <param index="0">
              <value>
                <![CDATA[edge]]>
              </value>
            </param>
          </params>
          <reporter-output>
          </reporter-output>
        </test-method> <!-- beforeClass -->
        <test-method signature="User_01_Login_Invalid_Email()[pri:0, instance:com.nocomerce.user.Level_04_Multiple_Browser@394df057]" started-at="2021-11-16T17:24:23Z" name="User_01_Login_Invalid_Email" finished-at="2021-11-16T17:24:24Z" duration-ms="1622" status="PASS">
          <reporter-output>
          </reporter-output>
        </test-method> <!-- User_01_Login_Invalid_Email -->
        <test-method is-config="true" signature="afterClass()[pri:0, instance:com.nocomerce.user.Level_04_Multiple_Browser@394df057]" started-at="2021-11-16T17:24:24Z" name="afterClass" finished-at="2021-11-16T17:24:24Z" duration-ms="0" status="PASS">
          <reporter-output>
          </reporter-output>
        </test-method> <!-- afterClass -->
      </class> <!-- com.nocomerce.user.Level_04_Multiple_Browser -->
    </test> <!-- Run on Edge -->
    <test started-at="2021-11-16T17:24:24Z" name="Run on Coc Coc" finished-at="2021-11-16T17:24:39Z" duration-ms="14077">
      <class name="com.nocomerce.user.Level_04_Multiple_Browser">
        <test-method is-config="true" signature="beforeClass(java.lang.String)[pri:0, instance:com.nocomerce.user.Level_04_Multiple_Browser@1190200a]" started-at="2021-11-16T17:24:24Z" name="beforeClass" finished-at="2021-11-16T17:24:37Z" duration-ms="12383" status="PASS">
          <params>
            <param index="0">
              <value>
                <![CDATA[coccoc]]>
              </value>
            </param>
          </params>
          <reporter-output>
          </reporter-output>
        </test-method> <!-- beforeClass -->
        <test-method signature="User_01_Login_Invalid_Email()[pri:0, instance:com.nocomerce.user.Level_04_Multiple_Browser@1190200a]" started-at="2021-11-16T17:24:37Z" name="User_01_Login_Invalid_Email" finished-at="2021-11-16T17:24:39Z" duration-ms="1691" status="PASS">
          <reporter-output>
          </reporter-output>
        </test-method> <!-- User_01_Login_Invalid_Email -->
        <test-method is-config="true" signature="afterClass()[pri:0, instance:com.nocomerce.user.Level_04_Multiple_Browser@1190200a]" started-at="2021-11-16T17:24:39Z" name="afterClass" finished-at="2021-11-16T17:24:39Z" duration-ms="0" status="PASS">
          <reporter-output>
          </reporter-output>
        </test-method> <!-- afterClass -->
      </class> <!-- com.nocomerce.user.Level_04_Multiple_Browser -->
    </test> <!-- Run on Coc Coc -->
  </suite> <!-- User NopCommerce -->
</testng-results>
